<?xml version="1.0" encoding="UTF-8"?>
<testsuite xmlns:xsi="http://www.w3.org/2001/XMLSchema-instance" xsi:noNamespaceSchemaLocation="https://maven.apache.org/surefire/maven-surefire-plugin/xsd/surefire-test-report.xsd" name="com.cuenca.CuencaClientTest" time="0.416" tests="6" errors="0" skipped="0" failures="0">
  <properties>
[...]
</properties>
  <testcase name="deleteClientWithBody" classname="com.cuenca.CuencaClientTest" time="0.038"/>
  <testcase name="deleteClient" classname="com.cuenca.CuencaClientTest" time="0.001"/>
  <testcase name="getClientWithBody" classname="com.cuenca.CuencaClientTest" time="0.002"/>
  <testcase name="patchClient" classname="com.cuenca.CuencaClientTest" time="0.001"/>
  <testcase name="getClient" classname="com.cuenca.CuencaClientTest" time="0.001"/>
  <testcase name="postClient" classname="com.cuenca.CuencaClientTest" time="0.001"/>
</testsuite>